What is your email address?
Null message body; hope that's ok
INFO [2021-06-10 07:45:32] Parsing matrix: /lustre/project/wdeng7/R_LIB_Share/Library/infercnv/extdata/oligodendroglioma_expression_downsampled.counts.matrix.gz
INFO [2021-06-10 07:45:33] Parsing gene order file: /lustre/project/wdeng7/R_LIB_Share/Library/infercnv/extdata/gencode_downsampled.EXAMPLE_ONLY_DONT_REUSE.txt
INFO [2021-06-10 07:45:33] Parsing cell annotations file: /lustre/project/wdeng7/R_LIB_Share/Library/infercnv/extdata/oligodendroglioma_annotations_downsampled.txt
INFO [2021-06-10 07:45:33] ::order_reduce:Start.
INFO [2021-06-10 07:45:34] .order_reduce(): expr and order match.
INFO [2021-06-10 07:45:34] ::process_data:order_reduce:Reduction from positional data, new dimensions (r,c) = 10338,184 Total=18322440.6799817 Min=0 Max=34215.
INFO [2021-06-10 07:45:34] num genes removed taking into account provided gene ordering list: 399 = 3.8595473012188% removed.
INFO [2021-06-10 07:45:34] -filtering out cells < 100 or > Inf, removing 0 % of cells
INFO [2021-06-10 07:45:34] validating infercnv_obj
INFO [2021-06-10 07:45:34] ::process_data:Start
INFO [2021-06-10 07:45:34] Checking for saved results.
INFO [2021-06-10 07:45:34] 

	STEP 1: incoming data

INFO [2021-06-10 07:45:35] 

	STEP 02: Removing lowly expressed genes

INFO [2021-06-10 07:45:35] ::above_min_mean_expr_cutoff:Start
INFO [2021-06-10 07:45:35] Removing 1431 genes from matrix as below mean expr threshold: 1
INFO [2021-06-10 07:45:35] validating infercnv_obj
INFO [2021-06-10 07:45:35] There are 8508 genes and 184 cells remaining in the expr matrix.
INFO [2021-06-10 07:45:36] no genes removed due to min cells/gene filter
INFO [2021-06-10 07:45:37] 

	STEP 03: normalization by sequencing depth

INFO [2021-06-10 07:45:37] normalizing counts matrix by depth
INFO [2021-06-10 07:45:37] Computed total sum normalization factor as median libsize: 93909.929740
INFO [2021-06-10 07:45:37] Adding h-spike
INFO [2021-06-10 07:45:37] -hspike modeling of Microglia/Macrophage
INFO [2021-06-10 07:51:34] -hspike modeling of Oligodendrocytes (non-malignant)
INFO [2021-06-10 07:57:24] validating infercnv_obj
INFO [2021-06-10 07:57:24] normalizing counts matrix by depth
INFO [2021-06-10 07:57:24] Using specified normalization factor: 93909.929740
INFO [2021-06-10 07:57:27] 

	STEP 04: log transformation of data

INFO [2021-06-10 07:57:27] transforming log2xplus1()
INFO [2021-06-10 07:57:27] -mirroring for hspike
INFO [2021-06-10 07:57:27] transforming log2xplus1()
INFO [2021-06-10 07:57:31] 

	STEP 08: removing average of reference data (before smoothing)

INFO [2021-06-10 07:57:31] ::subtract_ref_expr_from_obs:Start inv_log=FALSE, use_bounds=TRUE
INFO [2021-06-10 07:57:31] subtracting mean(normal) per gene per cell across all data
INFO [2021-06-10 07:57:40] -subtracting expr per gene, use_bounds=TRUE
INFO [2021-06-10 07:57:42] -mirroring for hspike
INFO [2021-06-10 07:57:42] ::subtract_ref_expr_from_obs:Start inv_log=FALSE, use_bounds=TRUE
INFO [2021-06-10 07:57:42] subtracting mean(normal) per gene per cell across all data
INFO [2021-06-10 07:57:53] -subtracting expr per gene, use_bounds=TRUE
INFO [2021-06-10 07:57:59] 

	STEP 09: apply max centered expression threshold: 3

INFO [2021-06-10 07:57:59] ::process_data:setting max centered expr, threshold set to: +/-:  3
INFO [2021-06-10 07:57:59] -mirroring for hspike
INFO [2021-06-10 07:57:59] ::process_data:setting max centered expr, threshold set to: +/-:  3
INFO [2021-06-10 07:58:04] 

	STEP 10: Smoothing data per cell by chromosome

INFO [2021-06-10 07:58:04] smooth_by_chromosome: chr: chr1
INFO [2021-06-10 07:58:04] smooth_by_chromosome: chr: chr2
INFO [2021-06-10 07:58:05] smooth_by_chromosome: chr: chr3
INFO [2021-06-10 07:58:06] smooth_by_chromosome: chr: chr4
INFO [2021-06-10 07:58:07] smooth_by_chromosome: chr: chr5
INFO [2021-06-10 07:58:07] smooth_by_chromosome: chr: chr6
INFO [2021-06-10 07:58:08] smooth_by_chromosome: chr: chr7
INFO [2021-06-10 07:58:09] smooth_by_chromosome: chr: chr8
INFO [2021-06-10 07:58:09] smooth_by_chromosome: chr: chr9
INFO [2021-06-10 07:58:10] smooth_by_chromosome: chr: chr10
INFO [2021-06-10 07:58:11] smooth_by_chromosome: chr: chr11
INFO [2021-06-10 07:58:11] smooth_by_chromosome: chr: chr12
INFO [2021-06-10 07:58:13] smooth_by_chromosome: chr: chr13
INFO [2021-06-10 07:58:13] smooth_by_chromosome: chr: chr14
INFO [2021-06-10 07:58:14] smooth_by_chromosome: chr: chr15
INFO [2021-06-10 07:58:15] smooth_by_chromosome: chr: chr16
INFO [2021-06-10 07:58:15] smooth_by_chromosome: chr: chr17
INFO [2021-06-10 07:58:16] smooth_by_chromosome: chr: chr18
INFO [2021-06-10 07:58:16] smooth_by_chromosome: chr: chr19
INFO [2021-06-10 07:58:17] smooth_by_chromosome: chr: chr20
INFO [2021-06-10 07:58:18] smooth_by_chromosome: chr: chr21
INFO [2021-06-10 07:58:18] smooth_by_chromosome: chr: chr22
INFO [2021-06-10 07:58:19] -mirroring for hspike
INFO [2021-06-10 07:58:19] smooth_by_chromosome: chr: chrA
INFO [2021-06-10 07:58:20] smooth_by_chromosome: chr: chr_0
INFO [2021-06-10 07:58:22] smooth_by_chromosome: chr: chr_B
INFO [2021-06-10 07:58:24] smooth_by_chromosome: chr: chr_0pt5
INFO [2021-06-10 07:58:26] smooth_by_chromosome: chr: chr_C
INFO [2021-06-10 07:58:27] smooth_by_chromosome: chr: chr_1pt5
INFO [2021-06-10 07:58:28] smooth_by_chromosome: chr: chr_D
INFO [2021-06-10 07:58:30] smooth_by_chromosome: chr: chr_2pt0
INFO [2021-06-10 07:58:32] smooth_by_chromosome: chr: chr_E
INFO [2021-06-10 07:58:34] smooth_by_chromosome: chr: chr_3pt0
INFO [2021-06-10 07:58:35] smooth_by_chromosome: chr: chr_F
INFO [2021-06-10 07:58:43] 

	STEP 11: re-centering data across chromosome after smoothing

INFO [2021-06-10 07:58:43] ::center_smooth across chromosomes per cell
INFO [2021-06-10 07:58:44] -mirroring for hspike
INFO [2021-06-10 07:58:44] ::center_smooth across chromosomes per cell
INFO [2021-06-10 07:58:50] 

	STEP 12: removing average of reference data (after smoothing)

INFO [2021-06-10 07:58:50] ::subtract_ref_expr_from_obs:Start inv_log=FALSE, use_bounds=TRUE
INFO [2021-06-10 07:58:50] subtracting mean(normal) per gene per cell across all data
INFO [2021-06-10 07:59:00] -subtracting expr per gene, use_bounds=TRUE
INFO [2021-06-10 07:59:02] -mirroring for hspike
INFO [2021-06-10 07:59:02] ::subtract_ref_expr_from_obs:Start inv_log=FALSE, use_bounds=TRUE
INFO [2021-06-10 07:59:02] subtracting mean(normal) per gene per cell across all data
INFO [2021-06-10 07:59:13] -subtracting expr per gene, use_bounds=TRUE
INFO [2021-06-10 07:59:18] 

	STEP 14: invert log2(FC) to FC

INFO [2021-06-10 07:59:18] invert_log2(), computing 2^x
INFO [2021-06-10 07:59:19] -mirroring for hspike
INFO [2021-06-10 07:59:19] invert_log2(), computing 2^x
INFO [2021-06-10 07:59:22] 

	STEP 15: Clustering samples (not defining tumor subclusters)

INFO [2021-06-10 07:59:22] define_signif_tumor_subclusters(p_val=0.1
INFO [2021-06-10 07:59:22] define_signif_tumor_subclusters(), tumor: malignant_MGH36
INFO [2021-06-10 07:59:22] cut tree into: 1 groups
INFO [2021-06-10 07:59:22] -processing malignant_MGH36,malignant_MGH36_s1
INFO [2021-06-10 07:59:22] define_signif_tumor_subclusters(), tumor: malignant_MGH53
INFO [2021-06-10 07:59:22] cut tree into: 1 groups
INFO [2021-06-10 07:59:22] -processing malignant_MGH53,malignant_MGH53_s1
INFO [2021-06-10 07:59:22] define_signif_tumor_subclusters(), tumor: malignant_93
INFO [2021-06-10 07:59:23] cut tree into: 1 groups
INFO [2021-06-10 07:59:23] -processing malignant_93,malignant_93_s1
INFO [2021-06-10 07:59:23] define_signif_tumor_subclusters(), tumor: malignant_97
INFO [2021-06-10 07:59:23] cut tree into: 1 groups
INFO [2021-06-10 07:59:23] -processing malignant_97,malignant_97_s1
INFO [2021-06-10 07:59:23] define_signif_tumor_subclusters(), tumor: Microglia/Macrophage
INFO [2021-06-10 07:59:23] cut tree into: 1 groups
INFO [2021-06-10 07:59:23] -processing Microglia/Macrophage,Microglia/Macrophage_s1
INFO [2021-06-10 07:59:23] define_signif_tumor_subclusters(), tumor: Oligodendrocytes (non-malignant)
INFO [2021-06-10 07:59:23] cut tree into: 1 groups
INFO [2021-06-10 07:59:23] -processing Oligodendrocytes (non-malignant),Oligodendrocytes (non-malignant)_s1
INFO [2021-06-10 07:59:23] -mirroring for hspike
INFO [2021-06-10 07:59:23] define_signif_tumor_subclusters(p_val=0.1
INFO [2021-06-10 07:59:23] define_signif_tumor_subclusters(), tumor: spike_tumor_cell_Microglia/Macrophage
INFO [2021-06-10 07:59:23] cut tree into: 1 groups
INFO [2021-06-10 07:59:23] -processing spike_tumor_cell_Microglia/Macrophage,spike_tumor_cell_Microglia/Macrophage_s1
INFO [2021-06-10 07:59:23] define_signif_tumor_subclusters(), tumor: spike_tumor_cell_Oligodendrocytes (non-malignant)
INFO [2021-06-10 07:59:23] cut tree into: 1 groups
INFO [2021-06-10 07:59:23] -processing spike_tumor_cell_Oligodendrocytes (non-malignant),spike_tumor_cell_Oligodendrocytes (non-malignant)_s1
INFO [2021-06-10 07:59:23] define_signif_tumor_subclusters(), tumor: simnorm_cell_Microglia/Macrophage
INFO [2021-06-10 07:59:24] cut tree into: 1 groups
INFO [2021-06-10 07:59:24] -processing simnorm_cell_Microglia/Macrophage,simnorm_cell_Microglia/Macrophage_s1
INFO [2021-06-10 07:59:24] define_signif_tumor_subclusters(), tumor: simnorm_cell_Oligodendrocytes (non-malignant)
INFO [2021-06-10 07:59:24] cut tree into: 1 groups
INFO [2021-06-10 07:59:24] -processing simnorm_cell_Oligodendrocytes (non-malignant),simnorm_cell_Oligodendrocytes (non-malignant)_s1
INFO [2021-06-10 07:59:31] ::plot_cnv:Start
INFO [2021-06-10 07:59:31] ::plot_cnv:Current data dimensions (r,c)=8508,184 Total=1565375.78852005 Min=0.530812412297805 Max=1.98172179650671.
INFO [2021-06-10 07:59:31] ::plot_cnv:Depending on the size of the matrix this may take a moment.
INFO [2021-06-10 07:59:32] plot_cnv(): auto thresholding at: (0.649779 , 1.350098)
Error in .External2(C_X11, paste0("png::", filename), g$width, g$height,  : 
  unable to start device PNG
Calls: <Anonymous> -> plot_cnv -> png
In addition: Warning message:
In png(paste(out_dir, paste(output_filename, ".png", sep = ""),  :
  unable to open connection to X11 display ''
Execution halted
Null message body; hope that's ok
